This is XeTeX, Version 3.14159265-2.6-0.999992 (TeX Live 2020) (preloaded format=xelatex 2020.5.25)  27 MAY 2020 01:11
entering extended mode
 restricted \write18 enabled.
 %&-line parsing enabled.
**lifeguide.tex
(./lifeguide.tex
LaTeX2e <2020-02-02> patch level 5
L3 programming layer <2020-05-15> (/Users/yufree/Library/TinyTeX/texmf-dist/tex
/latex/tufte-latex/tufte-book.cls
Document Class: tufte-book 2015/06/21 v3.5.2 Tufte-book class

(/Users/yufree/Library/TinyTeX/texmf-dist/tex/latex/tufte-latex/tufte-common.de
f
File: tufte-common.def 2015/06/21 v3.5.2 Common code for the Tufte-LaTeX styles

(/Users/yufree/Library/TinyTeX/texmf-dist/tex/latex/xkeyval/xkeyval.sty
Package: xkeyval 2014/12/03 v2.7a package option processing (HA)
(/Users/yufree/Library/TinyTeX/texmf-dist/tex/generic/xkeyval/xkeyval.tex (/Use
rs/yufree/Library/TinyTeX/texmf-dist/tex/generic/xkeyval/xkvutils.tex
\XKV@toks=\toks15
\XKV@tempa@toks=\toks16
(/Users/yufree/Library/TinyTeX/texmf-dist/tex/generic/xkeyval/keyval.tex))
\XKV@depth=\count163
File: xkeyval.tex 2014/12/03 v2.7a key=value parser (HA)
)) (/Users/yufree/Library/TinyTeX/texmf-dist/tex/latex/xifthen/xifthen.sty
Package: xifthen 2015/11/05 v1.4.0 Extended ifthen features
(/Users/yufree/Library/TinyTeX/texmf-dist/tex/latex/tools/calc.sty
Package: calc 2017/05/25 v4.3 Infix arithmetic (KKT,FJ)
\calc@Acount=\count164
\calc@Bcount=\count165
\calc@Adimen=\dimen134
\calc@Bdimen=\dimen135
\calc@Askip=\skip47
\calc@Bskip=\skip48
LaTeX Info: Redefining \setlength on input line 80.
LaTeX Info: Redefining \addtolength on input line 81.
\calc@Ccount=\count166
\calc@Cskip=\skip49
) (/Users/yufree/Library/TinyTeX/texmf-dist/tex/latex/base/ifthen.sty
Package: ifthen 2014/09/29 v1.1c Standard LaTeX ifthen package (DPC)
) (/Users/yufree/Library/TinyTeX/texmf-dist/tex/latex/ifmtarg/ifmtarg.sty
Package: ifmtarg 2018/04/16 v1.2b check for an empty argument
)) (/Users/yufree/Library/TinyTeX/texmf-dist/tex/latex/hardwrap/hardwrap.sty
Package: hardwrap 2011/02/12 v0.2 Hard wrap messages
(/Users/yufree/Library/TinyTeX/texmf-dist/tex/latex/pdftexcmds/pdftexcmds.sty
Package: pdftexcmds 2019/11/24 v0.31 Utility functions of pdfTeX for LuaTeX (HO
)
(/Users/yufree/Library/TinyTeX/texmf-dist/tex/generic/infwarerr/infwarerr.sty
Package: infwarerr 2019/12/03 v1.5 Providing info/warning/error messages (HO)
) (/Users/yufree/Library/TinyTeX/texmf-dist/tex/generic/iftex/iftex.sty
Package: iftex 2020/03/06 v1.0d TeX engine tests
) (/Users/yufree/Library/TinyTeX/texmf-dist/tex/generic/ltxcmds/ltxcmds.sty
Package: ltxcmds 2019/12/15 v1.24 LaTeX kernel commands for general use (HO)
)
Package pdftexcmds Info: \pdf@primitive is available.
Package pdftexcmds Info: \pdf@ifprimitive is available.
Package pdftexcmds Info: \pdfdraftmode not found.
) (/Users/yufree/Library/TinyTeX/texmf-dist/tex/generic/iftex/ifxetex.sty
Package: ifxetex 2019/10/25 v0.7 ifxetex legacy package. Use iftex instead.
)
\hw@charcount=\count167
\hw@wordcount=\count168
\hw@maxprintline=\count169
)
Class tufte-book Info: Loading the base class `book'
(/Users/yufree/Library/TinyTeX/texmf-dist/tex/latex/base/book.cls
Document Class: book 2019/12/20 v1.4l Standard LaTeX document class
(/Users/yufree/Library/TinyTeX/texmf-dist/tex/latex/base/bk10.clo
File: bk10.clo 2019/12/20 v1.4l Standard LaTeX file (size option)
)
\c@part=\count170
\c@chapter=\count171
\c@section=\count172
\c@subsection=\count173
\c@subsubsection=\count174
\c@paragraph=\count175
\c@subparagraph=\count176
\c@figure=\count177
\c@table=\count178
\abovecaptionskip=\skip50
\belowcaptionskip=\skip51
\bibindent=\dimen136
) (/Users/yufree/Library/TinyTeX/texmf-dist/tex/generic/iftex/ifpdf.sty
Package: ifpdf 2019/10/25 v3.4 ifpdf legacy package. Use iftex instead.
) (/Users/yufree/Library/TinyTeX/texmf-dist/tex/xelatex/xltxtra/xltxtra.sty
Package: xltxtra 2018/12/31 v0.7 Improvements for the "XeLaTeX" format
(/Users/yufree/Library/TinyTeX/texmf-dist/tex/generic/iftex/ifluatex.sty
Package: ifluatex 2019/10/25 v1.5 ifluatex legacy package. Use iftex instead.
) (/Users/yufree/Library/TinyTeX/texmf-dist/tex/latex/fontspec/fontspec.sty
(/Users/yufree/Library/TinyTeX/texmf-dist/tex/latex/l3packages/xparse/xparse.st
y (/Users/yufree/Library/TinyTeX/texmf-dist/tex/latex/l3kernel/expl3.sty
Package: expl3 2020-05-15 L3 programming layer (loader) 

(/Users/yufree/Library/TinyTeX/texmf-dist/tex/latex/l3backend/l3backend-xdvipdf
mx.def
File: l3backend-xdvipdfmx.def 2020-05-05 L3 backend support: xdvipdfmx
\g__graphics_track_int=\count179
\l__pdf_internal_box=\box45
\g__pdf_backend_object_int=\count180
\g__pdf_backend_annotation_int=\count181
))
Package: xparse 2020-05-15 L3 Experimental document command parser

(/Users/yufree/Library/TinyTeX/texmf-dist/tex/latex/l3packages/xparse/xparse-ge
neric.tex
\l__xparse_current_arg_int=\count182
\g__xparse_grabber_int=\count183
\l__xparse_m_args_int=\count184
\l__xparse_v_nesting_int=\count185
))
Package: fontspec 2020/02/21 v2.7i Font selection for XeLaTeX and LuaLaTeX

(/Users/yufree/Library/TinyTeX/texmf-dist/tex/latex/fontspec/fontspec-xetex.sty
Package: fontspec-xetex 2020/02/21 v2.7i Font selection for XeLaTeX and LuaLaTe
X
\l__fontspec_script_int=\count186
\l__fontspec_language_int=\count187
\l__fontspec_strnum_int=\count188
\l__fontspec_tmp_int=\count189
\l__fontspec_tmpa_int=\count190
\l__fontspec_tmpb_int=\count191
\l__fontspec_tmpc_int=\count192
\l__fontspec_em_int=\count193
\l__fontspec_emdef_int=\count194
\l__fontspec_strong_int=\count195
\l__fontspec_strongdef_int=\count196
\l__fontspec_tmpa_dim=\dimen137
\l__fontspec_tmpb_dim=\dimen138
\l__fontspec_tmpc_dim=\dimen139
(/Users/yufree/Library/TinyTeX/texmf-dist/tex/latex/base/fontenc.sty
Package: fontenc 2020/02/11 v2.0o Standard LaTeX package
) (/Users/yufree/Library/TinyTeX/texmf-dist/tex/latex/fontspec/fontspec.cfg)))
(/Users/yufree/Library/TinyTeX/texmf-dist/tex/latex/realscripts/realscripts.sty
Package: realscripts 2016/02/13 v0.3d Access OpenType subscripts and superscrip
ts
\subsupersep=\dimen140
) (/Users/yufree/Library/TinyTeX/texmf-dist/tex/latex/metalogo/metalogo.sty
Package: metalogo 2010/05/29 v0.12 Extended TeX logo macros
(/Users/yufree/Library/TinyTeX/texmf-dist/tex/latex/graphics/graphicx.sty
Package: graphicx 2019/11/30 v1.2a Enhanced LaTeX Graphics (DPC,SPQR)
(/Users/yufree/Library/TinyTeX/texmf-dist/tex/latex/graphics/graphics.sty
Package: graphics 2019/11/30 v1.4a Standard LaTeX Graphics (DPC,SPQR)
(/Users/yufree/Library/TinyTeX/texmf-dist/tex/latex/graphics/trig.sty
Package: trig 2016/01/03 v1.10 sin cos tan (DPC)
) (/Users/yufree/Library/TinyTeX/texmf-dist/tex/latex/graphics-cfg/graphics.cfg
File: graphics.cfg 2016/06/04 v1.11 sample graphics configuration
)
Package graphics Info: Driver file: xetex.def on input line 105.
(/Users/yufree/Library/TinyTeX/texmf-dist/tex/latex/graphics-def/xetex.def
File: xetex.def 2017/06/24 v5.0h Graphics/color driver for xetex
))
\Gin@req@height=\dimen141
\Gin@req@width=\dimen142
)
\xl@everylogo=\toks17
\xl@@everylogo=\toks18
LaTeX Info: Redefining \TeX on input line 193.
LaTeX Info: Redefining \LaTeX on input line 202.
LaTeX Info: Redefining \LaTeXe on input line 219.
)
\l__xetex_show_hyphens_wrapping_box=\box46
\l__xetex_show_hyphens_temp_box=\box47
\l__xetex_show_hyphens_final_box=\box48
\g__xetex_show_hyphens_word_box=\box49
) (/Users/yufree/Library/TinyTeX/texmf-dist/tex/latex/titlesec/titlesec.sty
Package: titlesec 2019/10/16 v2.13 Sectioning titles
\ttl@box=\box50
\beforetitleunit=\skip52
\aftertitleunit=\skip53
\ttl@plus=\dimen143
\ttl@minus=\dimen144
\ttl@toksa=\toks19
\titlewidth=\dimen145
\titlewidthlast=\dimen146
\titlewidthfirst=\dimen147
) (/Users/yufree/Library/TinyTeX/texmf-dist/tex/latex/titlesec/titletoc.sty
Package: titletoc 2019/10/16 v2.13 TOC entries
\ttl@leftsep=\dimen148
) (/Users/yufree/Library/TinyTeX/texmf-dist/tex/latex/hyperref/hyperref.sty
Package: hyperref 2020-05-15 v7.00e Hypertext links for LaTeX
(/Users/yufree/Library/TinyTeX/texmf-dist/tex/generic/kvsetkeys/kvsetkeys.sty
Package: kvsetkeys 2019/12/15 v1.18 Key value parser (HO)
)
(/Users/yufree/Library/TinyTeX/texmf-dist/tex/generic/kvdefinekeys/kvdefinekeys
.sty
Package: kvdefinekeys 2019-12-19 v1.6 Define keys (HO)
) (/Users/yufree/Library/TinyTeX/texmf-dist/tex/generic/pdfescape/pdfescape.sty
Package: pdfescape 2019/12/09 v1.15 Implements pdfTeX's escape features (HO)
) (/Users/yufree/Library/TinyTeX/texmf-dist/tex/latex/hycolor/hycolor.sty
Package: hycolor 2020-01-27 v1.10 Color options for hyperref/bookmark (HO)
)
(/Users/yufree/Library/TinyTeX/texmf-dist/tex/latex/letltxmacro/letltxmacro.sty
Package: letltxmacro 2019/12/03 v1.6 Let assignment for LaTeX macros (HO)
) (/Users/yufree/Library/TinyTeX/texmf-dist/tex/latex/auxhook/auxhook.sty
Package: auxhook 2019-12-17 v1.6 Hooks for auxiliary files (HO)
) (/Users/yufree/Library/TinyTeX/texmf-dist/tex/latex/kvoptions/kvoptions.sty
Package: kvoptions 2019/11/29 v3.13 Key value format for package options (HO)
)
\@linkdim=\dimen149
\Hy@linkcounter=\count197
\Hy@pagecounter=\count198
(/Users/yufree/Library/TinyTeX/texmf-dist/tex/latex/hyperref/pd1enc.def
File: pd1enc.def 2020-05-15 v7.00e Hyperref: PDFDocEncoding definition (HO)
) (/Users/yufree/Library/TinyTeX/texmf-dist/tex/generic/intcalc/intcalc.sty
Package: intcalc 2019/12/15 v1.3 Expandable calculations with integers (HO)
) (/Users/yufree/Library/TinyTeX/texmf-dist/tex/generic/etexcmds/etexcmds.sty
Package: etexcmds 2019/12/15 v1.7 Avoid name clashes with e-TeX commands (HO)
)
\Hy@SavedSpaceFactor=\count199
Package hyperref Info: Option `unicode' set `true' on input line 4338.
(/Users/yufree/Library/TinyTeX/texmf-dist/tex/latex/hyperref/puenc.def
File: puenc.def 2020-05-15 v7.00e Hyperref: PDF Unicode definition (HO)
)
Package hyperref Info: Option `hyperfootnotes' set `false' on input line 4338.
Package hyperref Info: Hyper figures OFF on input line 4464.
Package hyperref Info: Link nesting OFF on input line 4469.
Package hyperref Info: Hyper index ON on input line 4472.
Package hyperref Info: Plain pages OFF on input line 4479.
Package hyperref Info: Backreferencing OFF on input line 4484.
Package hyperref Info: Implicit mode ON; LaTeX internals redefined.
Package hyperref Info: Bookmarks ON on input line 4717.
\c@Hy@tempcnt=\count266
(/Users/yufree/Library/TinyTeX/texmf-dist/tex/latex/url/url.sty
\Urlmuskip=\muskip16
Package: url 2013/09/16  ver 3.4  Verb mode for urls, etc.
)
LaTeX Info: Redefining \url on input line 5076.
\XeTeXLinkMargin=\dimen150
(/Users/yufree/Library/TinyTeX/texmf-dist/tex/generic/bitset/bitset.sty
Package: bitset 2019/12/09 v1.3 Handle bit-vector datatype (HO)

(/Users/yufree/Library/TinyTeX/texmf-dist/tex/generic/bigintcalc/bigintcalc.sty
Package: bigintcalc 2019/12/15 v1.5 Expandable calculations on big integers (HO
)
))
\Fld@menulength=\count267
\Field@Width=\dimen151
\Fld@charsize=\dimen152
Package hyperref Info: Hyper figures OFF on input line 6347.
Package hyperref Info: Link nesting OFF on input line 6352.
Package hyperref Info: Hyper index ON on input line 6355.
Package hyperref Info: backreferencing OFF on input line 6362.
Package hyperref Info: Link coloring OFF on input line 6367.
Package hyperref Info: Link coloring with OCG OFF on input line 6372.
Package hyperref Info: PDF/A mode OFF on input line 6377.
LaTeX Info: Redefining \ref on input line 6417.
LaTeX Info: Redefining \pageref on input line 6421.
(/Users/yufree/Library/TinyTeX/texmf-dist/tex/generic/atbegshi/atbegshi.sty
Package: atbegshi 2019/12/05 v1.19 At begin shipout hook (HO)
)
\Hy@abspage=\count268
\c@Item=\count269
)
Package hyperref Info: Driver: hxetex.
(/Users/yufree/Library/TinyTeX/texmf-dist/tex/latex/hyperref/hxetex.def
File: hxetex.def 2020-05-15 v7.00e Hyperref driver for XeTeX
(/Users/yufree/Library/TinyTeX/texmf-dist/tex/generic/stringenc/stringenc.sty
Package: stringenc 2019/11/29 v1.12 Convert strings between diff. encodings (HO
)
)
\pdfm@box=\box51
\c@Hy@AnnotLevel=\count270
\HyField@AnnotCount=\count271
\Fld@listcount=\count272
\c@bookmark@seq@number=\count273

(/Users/yufree/Library/TinyTeX/texmf-dist/tex/latex/rerunfilecheck/rerunfileche
ck.sty
Package: rerunfilecheck 2019/12/05 v1.9 Rerun checks for auxiliary files (HO)
(/Users/yufree/Library/TinyTeX/texmf-dist/tex/latex/atveryend/atveryend.sty
Package: atveryend 2019-12-11 v1.11 Hooks at the very end of document (HO)
Package atveryend Info: \enddocument detected (standard20110627).
)
(/Users/yufree/Library/TinyTeX/texmf-dist/tex/generic/uniquecounter/uniquecount
er.sty
Package: uniquecounter 2019/12/15 v1.4 Provide unlimited unique counter (HO)
)
Package uniquecounter Info: New unique counter `rerunfilecheck' on input line 2
86.
)
\Hy@SectionHShift=\skip54
) (/Users/yufree/Library/TinyTeX/texmf-dist/tex/latex/ragged2e/ragged2e.sty
Package: ragged2e 2019/07/28 v2.2 ragged2e Package (MS)
(/Users/yufree/Library/TinyTeX/texmf-dist/tex/latex/ms/everysel.sty
Package: everysel 2011/10/28 v1.2 EverySelectfont Package (MS)
)
\CenteringLeftskip=\skip55
\RaggedLeftLeftskip=\skip56
\RaggedRightLeftskip=\skip57
\CenteringRightskip=\skip58
\RaggedLeftRightskip=\skip59
\RaggedRightRightskip=\skip60
\CenteringParfillskip=\skip61
\RaggedLeftParfillskip=\skip62
\RaggedRightParfillskip=\skip63
\JustifyingParfillskip=\skip64
\CenteringParindent=\skip65
\RaggedLeftParindent=\skip66
\RaggedRightParindent=\skip67
\JustifyingParindent=\skip68
) (/Users/yufree/Library/TinyTeX/texmf-dist/tex/latex/geometry/geometry.sty
Package: geometry 2020/01/02 v5.9 Page Geometry
(/Users/yufree/Library/TinyTeX/texmf-dist/tex/generic/iftex/ifvtex.sty
Package: ifvtex 2019/10/25 v1.7 ifvtex legacy package. Use iftex instead.
)
\Gm@cnth=\count274
\Gm@cntv=\count275
\c@Gm@tempcnt=\count276
\Gm@bindingoffset=\dimen153
\Gm@wd@mp=\dimen154
\Gm@odd@mp=\dimen155
\Gm@even@mp=\dimen156
\Gm@layoutwidth=\dimen157
\Gm@layoutheight=\dimen158
\Gm@layouthoffset=\dimen159
\Gm@layoutvoffset=\dimen160
\Gm@dimlist=\toks20
) (/Users/yufree/Library/TinyTeX/texmf-dist/tex/latex/changepage/changepage.sty
Package: changepage 2009/10/20 v1.0c check page and change page layout
\c@cp@cntr=\count277
\cp@tempcnt=\count278
)
\@tufte@overhang=\skip69
\@tufte@fullwidth=\skip70
\@tufte@caption@fill=\skip71
(/Users/yufree/Library/TinyTeX/texmf-dist/tex/latex/paralist/paralist.sty
Package: paralist 2017/01/22 v2.7 Extended list environments
\pltopsep=\skip72
\plpartopsep=\skip73
\plitemsep=\skip74
\plparsep=\skip75
\pl@lab=\toks21
) (/Users/yufree/Library/TinyTeX/texmf-dist/tex/latex/textcase/textcase.sty
Package: textcase 2019/09/14 v1.00 Text only upper/lower case changing (DPC)
)

Class tufte-book Warning: Couldn't locate `soul' package

(/Users/yufree/Library/TinyTeX/texmf-dist/tex/latex/setspace/setspace.sty
Package: setspace 2011/12/19 v6.7a set line spacing
) (/Users/yufree/Library/TinyTeX/texmf-dist/tex/latex/xcolor/xcolor.sty
Package: xcolor 2016/05/11 v2.12 LaTeX color extensions (UK)
(/Users/yufree/Library/TinyTeX/texmf-dist/tex/latex/graphics-cfg/color.cfg
File: color.cfg 2016/01/02 v1.6 sample color configuration
)
Package xcolor Info: Package option `usenames' ignored on input line 216.
Package xcolor Info: Driver file: xetex.def on input line 225.
Package xcolor Info: Model `cmy' substituted by `cmy0' on input line 1348.
Package xcolor Info: Model `RGB' extended on input line 1364.
Package xcolor Info: Model `HTML' substituted by `rgb' on input line 1366.
Package xcolor Info: Model `Hsb' substituted by `hsb' on input line 1367.
Package xcolor Info: Model `tHsb' substituted by `hsb' on input line 1368.
Package xcolor Info: Model `HSB' substituted by `hsb' on input line 1369.
Package xcolor Info: Model `Gray' substituted by `gray' on input line 1370.
Package xcolor Info: Model `wave' substituted by `hsb' on input line 1371.
(/Users/yufree/Library/TinyTeX/texmf-dist/tex/latex/graphics/dvipsnam.def
File: dvipsnam.def 2016/06/17 v3.0m Driver-dependent file (DPC,SPQR)
) (/Users/yufree/Library/TinyTeX/texmf-dist/tex/latex/xcolor/svgnam.def
File: svgnam.def 2016/05/11 v2.12 Predefined colors according to SVG 1.1 (UK)
)) (/Users/yufree/Library/TinyTeX/texmf-dist/tex/latex/natbib/natbib.sty
Package: natbib 2010/09/13 8.31b (PWD, AO)
\bibhang=\skip76
\bibsep=\skip77
LaTeX Info: Redefining \cite on input line 694.
\c@NAT@ctr=\count279
) (/Users/yufree/Library/TinyTeX/texmf-dist/tex/latex/natbib/bibentry.sty
Package: bibentry 2007/10/30 1.5 (PWD)
)
No file lifeguide.bbl.
\c@@tufte@num@bibkeys=\count280
(/Users/yufree/Library/TinyTeX/texmf-dist/tex/latex/sauerj/optparams.sty
Package: optparams 2004/08/14 v0.9 multiple optional parameters in macros
)
\@tufte@sidenote@vertical@offset=\skip78
(/Users/yufree/Library/TinyTeX/texmf-dist/tex/latex/placeins/placeins.sty
Package: placeins 2005/04/18  v 2.2
)
\@tufte@margin@floatbox=\box52
\@tufte@figure@box=\box53
\@tufte@caption@box=\box54
\@tufte@caption@vertical@offset=\skip79
\@tufte@float@contents@width=\skip80
(/Users/yufree/Library/TinyTeX/texmf-dist/tex/latex/fancyhdr/fancyhdr.sty
Package: fancyhdr 2019/01/31 v3.10 Extensive control of page headers and footer
s
\f@nch@headwidth=\skip81
\f@nch@O@elh=\skip82
\f@nch@O@erh=\skip83
\f@nch@O@olh=\skip84
\f@nch@O@orh=\skip85
\f@nch@O@elf=\skip86
\f@nch@O@erf=\skip87
\f@nch@O@olf=\skip88
\f@nch@O@orf=\skip89
)
\tufteskipamount=\skip90
(/Users/yufree/Library/TinyTeX/texmf-dist/tex/latex/tools/multicol.sty
Package: multicol 2019/12/09 v1.8y multicolumn formatting (FMi)
\c@tracingmulticols=\count281
\mult@box=\box55
\multicol@leftmargin=\dimen161
\c@unbalance=\count282
\c@collectmore=\count283
\doublecol@number=\count284
\multicoltolerance=\count285
\multicolpretolerance=\count286
\full@width=\dimen162
\page@free=\dimen163
\premulticols=\dimen164
\postmulticols=\dimen165
\multicolsep=\skip91
\multicolbaselineskip=\skip92
\partial@page=\box56
\last@line=\box57
\maxbalancingoverflow=\dimen166
\mult@rightbox=\box58
\mult@grightbox=\box59
\mult@gfirstbox=\box60
\mult@firstbox=\box61
\@tempa=\box62
\@tempa=\box63
\@tempa=\box64
\@tempa=\box65
\@tempa=\box66
\@tempa=\box67
\@tempa=\box68
\@tempa=\box69
\@tempa=\box70
\@tempa=\box71
\@tempa=\box72
\@tempa=\box73
\@tempa=\box74
\@tempa=\box75
\@tempa=\box76
\@tempa=\box77
\@tempa=\box78
\@tempa=\box79
\@tempa=\box80
\@tempa=\box81
\@tempa=\box82
\@tempa=\box83
\@tempa=\box84
\@tempa=\box85
\@tempa=\box86
\@tempa=\box87
\@tempa=\box88
\@tempa=\box89
\@tempa=\box90
\@tempa=\box91
\@tempa=\box92
\@tempa=\box93
\@tempa=\box94
\@tempa=\box95
\@tempa=\box96
\@tempa=\box97
\@tempa=\box98
\c@minrows=\count287
\c@columnbadness=\count288
\c@finalcolumnbadness=\count289
\last@try=\dimen167
\multicolovershoot=\dimen168
\multicolundershoot=\dimen169
\mult@nat@firstbox=\box99
\colbreak@box=\box100
\mc@col@check@num=\count290
))) (/Users/yufree/Library/TinyTeX/texmf-dist/tex/latex/amsfonts/amssymb.sty
Package: amssymb 2013/01/14 v3.01 AMS font symbols
(/Users/yufree/Library/TinyTeX/texmf-dist/tex/latex/amsfonts/amsfonts.sty
Package: amsfonts 2013/01/14 v3.01 Basic AMSFonts support
\@emptytoks=\toks22
\symAMSa=\mathgroup4
\symAMSb=\mathgroup5
LaTeX Font Info:    Redeclaring math symbol \hbar on input line 98.
LaTeX Font Info:    Overwriting math alphabet `\mathfrak' in version `bold'
(Font)                  U/euf/m/n --> U/euf/b/n on input line 106.
)) (/Users/yufree/Library/TinyTeX/texmf-dist/tex/latex/amsmath/amsmath.sty
Package: amsmath 2020/01/20 v2.17e AMS math features
\@mathmargin=\skip93
For additional information on amsmath, use the `?' option.
(/Users/yufree/Library/TinyTeX/texmf-dist/tex/latex/amsmath/amstext.sty
Package: amstext 2000/06/29 v2.01 AMS text
(/Users/yufree/Library/TinyTeX/texmf-dist/tex/latex/amsmath/amsgen.sty
File: amsgen.sty 1999/11/30 v2.0 generic functions
\@emptytoks=\toks23
\ex@=\dimen170
)) (/Users/yufree/Library/TinyTeX/texmf-dist/tex/latex/amsmath/amsbsy.sty
Package: amsbsy 1999/11/29 v1.2d Bold Symbols
\pmbraise@=\dimen171
) (/Users/yufree/Library/TinyTeX/texmf-dist/tex/latex/amsmath/amsopn.sty
Package: amsopn 2016/03/08 v2.02 operator names
)
\inf@bad=\count291
LaTeX Info: Redefining \frac on input line 227.
\uproot@=\count292
\leftroot@=\count293
LaTeX Info: Redefining \overline on input line 389.
\classnum@=\count294
\DOTSCASE@=\count295
LaTeX Info: Redefining \ldots on input line 486.
LaTeX Info: Redefining \dots on input line 489.
LaTeX Info: Redefining \cdots on input line 610.
\Mathstrutbox@=\box101
\strutbox@=\box102
\big@size=\dimen172
LaTeX Font Info:    Redeclaring font encoding OML on input line 733.
LaTeX Font Info:    Redeclaring font encoding OMS on input line 734.
\macc@depth=\count296
\c@MaxMatrixCols=\count297
\dotsspace@=\muskip17
\c@parentequation=\count298
\dspbrk@lvl=\count299
\tag@help=\toks24
\row@=\count300
\column@=\count301
\maxfields@=\count302
\andhelp@=\toks25
\eqnshift@=\dimen173
\alignsep@=\dimen174
\tagshift@=\dimen175
\tagwidth@=\dimen176
\totwidth@=\dimen177
\lineht@=\dimen178
\@envbody=\toks26
\multlinegap=\skip94
\multlinetaggap=\skip95
\mathdisplay@stack=\toks27
LaTeX Info: Redefining \[ on input line 2859.
LaTeX Info: Redefining \] on input line 2860.
) (/Users/yufree/Library/TinyTeX/texmf-dist/tex/latex/base/fixltx2e.sty
Package: fixltx2e 2016/12/29 v2.1a fixes to LaTeX (obsolete)
Applying: [2015/01/01] Old fixltx2e package on input line 46.

Package fixltx2e Warning: fixltx2e is not required with releases after 2015
(fixltx2e)                All fixes are now in the LaTeX kernel.
(fixltx2e)                See the latexrelease package for details.

Already applied: [0000/00/00] Old fixltx2e package on input line 53.
) (/Users/yufree/Library/TinyTeX/texmf-dist/tex/latex/booktabs/booktabs.sty
Package: booktabs 2020/01/12 v1.61803398 Publication quality tables
\heavyrulewidth=\dimen179
\lightrulewidth=\dimen180
\cmidrulewidth=\dimen181
\belowrulesep=\dimen182
\belowbottomsep=\dimen183
\aboverulesep=\dimen184
\abovetopsep=\dimen185
\cmidrulesep=\dimen186
\cmidrulekern=\dimen187
\defaultaddspace=\dimen188
\@cmidla=\count303
\@cmidlb=\count304
\@aboverulesep=\dimen189
\@belowrulesep=\dimen190
\@thisruleclass=\count305
\@lastruleclass=\count306
\@thisrulewidth=\dimen191
) (/Users/yufree/Library/TinyTeX/texmf-dist/tex/latex/units/units.sty
Package: units 1998/08/04 v0.9b Typesetting units
(/Users/yufree/Library/TinyTeX/texmf-dist/tex/latex/units/nicefrac.sty
Package: nicefrac 1998/08/04 v0.9b Nice fractions
\L@UnitsRaiseDisplaystyle=\skip96
\L@UnitsRaiseTextstyle=\skip97
\L@UnitsRaiseScriptstyle=\skip98
)) (/Users/yufree/Library/TinyTeX/texmf-dist/tex/latex/tools/longtable.sty
Package: longtable 2020/01/07 v4.13 Multi-page Table package (DPC)
\LTleft=\skip99
\LTright=\skip100
\LTpre=\skip101
\LTpost=\skip102
\LTchunksize=\count307
\LTcapwidth=\dimen192
\LT@head=\box103
\LT@firsthead=\box104
\LT@foot=\box105
\LT@lastfoot=\box106
\LT@cols=\count308
\LT@rows=\count309
\c@LT@tables=\count310
\c@LT@chunks=\count311
\LT@p@ftn=\toks28
) (/Users/yufree/Library/TinyTeX/texmf-dist/tex/generic/ulem/ulem.sty
\UL@box=\box107
\UL@hyphenbox=\box108
\UL@skip=\skip103
\UL@hook=\toks29
\UL@height=\dimen193
\UL@pe=\count312
\UL@pixel=\dimen194
\ULC@box=\box109
Package: ulem 2019/11/18
\ULdepth=\dimen195
) (/Users/yufree/Library/TinyTeX/texmf-dist/tex/latex/morefloats/morefloats.sty
Package: morefloats 2015/07/22 v1.0h Raise limit of unprocessed floats (HMM)
Package morefloats Info: Maximum number of possible floats asked for: 36
(morefloats)             (i.e. 18 more floats).
(morefloats)             LaTeX might run out of memory before this
(morefloats)             (in which case it will notify you).
) (/Users/yufree/Library/TinyTeX/texmf-dist/tex/latex/ctex/ctex.sty
Package: ctex 2020/05/16 v2.5.2 Chinese adapter in LaTeX (CTEX)

(/Users/yufree/Library/TinyTeX/texmf-dist/tex/latex/l3packages/l3keys2e/l3keys2
e.sty
Package: l3keys2e 2020-05-15 LaTeX2e option processing using LaTeX3 keys
) (/Users/yufree/Library/TinyTeX/texmf-dist/tex/latex/ctex/ctexhook.sty
Package: ctexhook 2020/05/16 v2.5.2 Document and package hooks (CTEX)
) (/Users/yufree/Library/TinyTeX/texmf-dist/tex/latex/ctex/ctexpatch.sty
Package: ctexpatch 2020/05/16 v2.5.2 Patching commands (CTEX)
) (/Users/yufree/Library/TinyTeX/texmf-dist/tex/latex/base/fix-cm.sty
Package: fix-cm 2015/01/14 v1.1t fixes to LaTeX
(/Users/yufree/Library/TinyTeX/texmf-dist/tex/latex/base/ts1enc.def
File: ts1enc.def 2001/06/05 v3.0e (jk/car/fm) Standard LaTeX file
LaTeX Font Info:    Redeclaring font encoding TS1 on input line 47.
))
\l__ctex_tmp_int=\count313
\l__ctex_tmp_box=\box110
\l__ctex_tmp_dim=\dimen196
\g__ctex_section_depth_int=\count314
\g__ctex_font_size_int=\count315
(/Users/yufree/Library/TinyTeX/texmf-dist/tex/latex/ctex/config/ctexopts.cfg
File: ctexopts.cfg 2020/05/16 v2.5.2 Option configuration file (CTEX)
)
(/Users/yufree/Library/TinyTeX/texmf-dist/tex/latex/ctex/engine/ctex-engine-xet
ex.def
File: ctex-engine-xetex.def 2020/05/16 v2.5.2 XeLaTeX adapter (CTEX)
(/Users/yufree/Library/TinyTeX/texmf-dist/tex/xelatex/xecjk/xeCJK.sty
Package: xeCJK 2020/05/01 v3.8.3 Typesetting CJK scripts with XeLaTeX

(/Users/yufree/Library/TinyTeX/texmf-dist/tex/latex/l3packages/xtemplate/xtempl
ate.sty
Package: xtemplate 2020-05-15 L3 Experimental prototype document functions
\l__xtemplate_tmp_dim=\dimen197
\l__xtemplate_tmp_int=\count316
\l__xtemplate_tmp_muskip=\muskip18
\l__xtemplate_tmp_skip=\skip104
)
\l__xeCJK_tmp_int=\count317
\l__xeCJK_tmp_box=\box111
\l__xeCJK_tmp_dim=\dimen198
\l__xeCJK_tmp_skip=\skip105
\g__xeCJK_space_factor_int=\count318
\l__xeCJK_begin_int=\count319
\l__xeCJK_end_int=\count320
\c__xeCJK_CJK_class_int=\XeTeXcharclass1
\c__xeCJK_FullLeft_class_int=\XeTeXcharclass2
\c__xeCJK_FullRight_class_int=\XeTeXcharclass3
\c__xeCJK_HalfLeft_class_int=\XeTeXcharclass4
\c__xeCJK_HalfRight_class_int=\XeTeXcharclass5
\c__xeCJK_NormalSpace_class_int=\XeTeXcharclass6
\c__xeCJK_CM_class_int=\XeTeXcharclass7
\c__xeCJK_HangulJamo_class_int=\XeTeXcharclass8
\l__xeCJK_last_skip=\skip106
\g__xeCJK_node_int=\count321
\c__xeCJK_CJK_node_dim=\dimen199
\c__xeCJK_CJK-space_node_dim=\dimen256
\c__xeCJK_default_node_dim=\dimen257
\c__xeCJK_default-space_node_dim=\dimen258
\c__xeCJK_CJK-widow_node_dim=\dimen259
\c__xeCJK_normalspace_node_dim=\dimen260
\l__xeCJK_ccglue_skip=\skip107
\l__xeCJK_ecglue_skip=\skip108
\l__xeCJK_punct_kern_skip=\skip109
\l__xeCJK_last_penalty_int=\count322
\l__xeCJK_last_bound_dim=\dimen261
\l__xeCJK_last_kern_dim=\dimen262
\l__xeCJK_widow_penalty_int=\count323

Package xtemplate Info: Declaring object type 'xeCJK/punctuation' taking 0
(xtemplate)             argument(s) on line 2302.

\l__xeCJK_fixed_punct_width_dim=\dimen263
\l__xeCJK_mixed_punct_width_dim=\dimen264
\l__xeCJK_middle_punct_width_dim=\dimen265
\l__xeCJK_fixed_margin_width_dim=\dimen266
\l__xeCJK_mixed_margin_width_dim=\dimen267
\l__xeCJK_middle_margin_width_dim=\dimen268
\l__xeCJK_bound_punct_width_dim=\dimen269
\l__xeCJK_bound_margin_width_dim=\dimen270
\l__xeCJK_margin_minimum_dim=\dimen271
\l__xeCJK_kerning_total_width_dim=\dimen272
\l__xeCJK_same_align_margin_dim=\dimen273
\l__xeCJK_different_align_margin_dim=\dimen274
\l__xeCJK_kerning_margin_width_dim=\dimen275
\l__xeCJK_kerning_margin_minimum_dim=\dimen276
\l__xeCJK_bound_dim=\dimen277
\l__xeCJK_reverse_bound_dim=\dimen278
\l__xeCJK_margin_dim=\dimen279
\l__xeCJK_minimum_bound_dim=\dimen280
\l__xeCJK_kerning_margin_dim=\dimen281
\g__xeCJK_family_int=\count324
\l__xeCJK_fam_int=\count325
\g__xeCJK_fam_allocation_int=\count326
\l__xeCJK_verb_case_int=\count327
\l__xeCJK_verb_exspace_skip=\skip110
(/Users/yufree/Library/TinyTeX/texmf-dist/tex/xelatex/xecjk/xeCJK.cfg
File: xeCJK.cfg 2020/05/01 v3.8.3 Configuration file for xeCJK package
))
\ccwd=\dimen282
\l__ctex_ccglue_skip=\skip111
)
\l__ctex_ziju_dim=\dimen283
(/Users/yufree/Library/TinyTeX/texmf-dist/tex/latex/zhnumber/zhnumber.sty
Package: zhnumber 2020/05/01 v2.8 Typesetting numbers with Chinese glyphs
\l__zhnum_scale_int=\count328
(/Users/yufree/Library/TinyTeX/texmf-dist/tex/latex/zhnumber/zhnumber-utf8.cfg
File: zhnumber-utf8.cfg 2020/05/01 v2.8 Chinese numerals with UTF8 encoding
))
(/Users/yufree/Library/TinyTeX/texmf-dist/tex/latex/ctex/scheme/ctex-scheme-chi
nese.def
File: ctex-scheme-chinese.def 2020/05/16 v2.5.2 Chinese scheme for generic (CTE
X)

(/Users/yufree/Library/TinyTeX/texmf-dist/tex/latex/ctex/config/ctex-name-utf8.
cfg
File: ctex-name-utf8.cfg 2020/05/16 v2.5.2 Caption with encoding UTF-8 (CTEX)
)) (/Users/yufree/Library/TinyTeX/texmf-dist/tex/latex/tools/indentfirst.sty
Package: indentfirst 1995/11/23 v1.03 Indent first paragraph (DPC)
) (/Users/yufree/Library/TinyTeX/texmf-dist/tex/latex/ctex/ctex-c5size.clo
File: ctex-c5size.clo 2020/05/16 v2.5.2 c5size option (CTEX)
)
(/Users/yufree/Library/TinyTeX/texmf-dist/tex/latex/ctex/fontset/ctex-fontset-m
ac.def
File: ctex-fontset-mac.def 2020/05/16 v2.5.2 macOS fonts definition (CTEX)

(/Users/yufree/Library/TinyTeX/texmf-dist/tex/latex/ctex/fontset/ctex-fontset-m
acnew.def
File: ctex-fontset-macnew.def 2020/05/16 v2.5.2 macOS fonts definition for El C
apitan or later version (CTEX)

Package fontspec Warning: Font "Songti SC Light" does not contain requested
(fontspec)                Script "CJK".


Package fontspec Info: Songti SC Light scale = 0.9663633678182936.


Package fontspec Info: Songti SC Light scale = 0.9663633678182936.


Package fontspec Info: Songti SC Bold scale = 0.9663633678182936.


Package fontspec Info: Kaiti SC scale = 0.9663633678182936.


Package fontspec Info: Kaiti SC Bold scale = 0.9663633678182936.


Package fontspec Info: Font family 'SongtiSCLight(0)' created for font 'Songti
(fontspec)             SC Light' with options
(fontspec)             [Ligatures=TeX,Scale=MatchLowercase,Script={CJK},BoldIta
licFont={Kaiti
(fontspec)             SC Bold},BoldFont={Songti SC Bold},ItalicFont={Kaiti
(fontspec)             SC}].
(fontspec)              
(fontspec)              This font family consists of the following NFSS
(fontspec)             series/shapes:
(fontspec)              
(fontspec)             - 'normal' (m/n) with NFSS spec.:
(fontspec)             <->s*[0.9663633678182936]"Songti SC
(fontspec)             Light/OT:language=dflt;mapping=tex-text;"
(fontspec)             - 'small caps'  (m/sc) with NFSS spec.: 
(fontspec)             - 'bold' (b/n) with NFSS spec.:
(fontspec)             <->s*[0.9663633678182936]"Songti SC
(fontspec)             Bold/OT:language=dflt;mapping=tex-text;"
(fontspec)             - 'bold small caps'  (b/sc) with NFSS spec.: 
(fontspec)             - 'italic' (m/it) with NFSS spec.:
(fontspec)             <->s*[0.9663633678182936]"Kaiti
(fontspec)             SC/OT:language=dflt;mapping=tex-text;"
(fontspec)             - 'italic small caps'  (m/scit) with NFSS spec.: 
(fontspec)             - 'bold italic' (b/it) with NFSS spec.:
(fontspec)             <->s*[0.9663633678182936]"Kaiti SC
(fontspec)             Bold/OT:language=dflt;mapping=tex-text;"
(fontspec)             - 'bold italic small caps'  (b/scit) with NFSS spec.: 

))) (/Users/yufree/Library/TinyTeX/texmf-dist/tex/latex/ctex/config/ctex.cfg
File: ctex.cfg 2020/05/16 v2.5.2 Configuration file (CTEX)
) (./lifeguide.aux)
\openout1 = `lifeguide.aux'.

LaTeX Font Info:    Checking defaults for OML/cmm/m/it on input line 79.
LaTeX Font Info:    ... okay on input line 79.
LaTeX Font Info:    Checking defaults for OMS/cmsy/m/n on input line 79.
LaTeX Font Info:    ... okay on input line 79.
LaTeX Font Info:    Checking defaults for OT1/cmr/m/n on input line 79.
LaTeX Font Info:    ... okay on input line 79.
LaTeX Font Info:    Checking defaults for T1/cmr/m/n on input line 79.
LaTeX Font Info:    ... okay on input line 79.
LaTeX Font Info:    Checking defaults for TS1/cmr/m/n on input line 79.
LaTeX Font Info:    ... okay on input line 79.
LaTeX Font Info:    Checking defaults for TU/lmr/m/n on input line 79.
LaTeX Font Info:    ... okay on input line 79.
LaTeX Font Info:    Checking defaults for OMX/cmex/m/n on input line 79.
LaTeX Font Info:    ... okay on input line 79.
LaTeX Font Info:    Checking defaults for U/cmr/m/n on input line 79.
LaTeX Font Info:    ... okay on input line 79.
LaTeX Font Info:    Checking defaults for PD1/pdf/m/n on input line 79.
LaTeX Font Info:    ... okay on input line 79.
LaTeX Font Info:    Checking defaults for PU/pdf/m/n on input line 79.
LaTeX Font Info:    ... okay on input line 79.

Package fontspec Info: Adjusting the maths setup (use [no-math] to avoid
(fontspec)             this).

\symlegacymaths=\mathgroup6
LaTeX Font Info:    Overwriting symbol font `legacymaths' in version `bold'
(Font)                  OT1/cmr/m/n --> OT1/cmr/bx/n on input line 79.
LaTeX Font Info:    Redeclaring math accent \acute on input line 79.
LaTeX Font Info:    Redeclaring math accent \grave on input line 79.
LaTeX Font Info:    Redeclaring math accent \ddot on input line 79.
LaTeX Font Info:    Redeclaring math accent \tilde on input line 79.
LaTeX Font Info:    Redeclaring math accent \bar on input line 79.
LaTeX Font Info:    Redeclaring math accent \breve on input line 79.
LaTeX Font Info:    Redeclaring math accent \check on input line 79.
LaTeX Font Info:    Redeclaring math accent \hat on input line 79.
LaTeX Font Info:    Redeclaring math accent \dot on input line 79.
LaTeX Font Info:    Redeclaring math accent \mathring on input line 79.
LaTeX Font Info:    Redeclaring math symbol \Gamma on input line 79.
LaTeX Font Info:    Redeclaring math symbol \Delta on input line 79.
LaTeX Font Info:    Redeclaring math symbol \Theta on input line 79.
LaTeX Font Info:    Redeclaring math symbol \Lambda on input line 79.
LaTeX Font Info:    Redeclaring math symbol \Xi on input line 79.
LaTeX Font Info:    Redeclaring math symbol \Pi on input line 79.
LaTeX Font Info:    Redeclaring math symbol \Sigma on input line 79.
LaTeX Font Info:    Redeclaring math symbol \Upsilon on input line 79.
LaTeX Font Info:    Redeclaring math symbol \Phi on input line 79.
LaTeX Font Info:    Redeclaring math symbol \Psi on input line 79.
LaTeX Font Info:    Redeclaring math symbol \Omega on input line 79.
LaTeX Font Info:    Redeclaring math symbol \mathdollar on input line 79.
LaTeX Font Info:    Redeclaring symbol font `operators' on input line 79.
LaTeX Font Info:    Encoding `OT1' has changed to `TU' for symbol font
(Font)              `operators' in the math version `normal' on input line 79.
LaTeX Font Info:    Overwriting symbol font `operators' in version `normal'
(Font)                  OT1/cmr/m/n --> TU/lmr/m/n on input line 79.
LaTeX Font Info:    Encoding `OT1' has changed to `TU' for symbol font
(Font)              `operators' in the math version `bold' on input line 79.
LaTeX Font Info:    Overwriting symbol font `operators' in version `bold'
(Font)                  OT1/cmr/bx/n --> TU/lmr/m/n on input line 79.
LaTeX Font Info:    Overwriting symbol font `operators' in version `normal'
(Font)                  TU/lmr/m/n --> TU/lmr/m/n on input line 79.
LaTeX Font Info:    Overwriting math alphabet `\mathit' in version `normal'
(Font)                  OT1/cmr/m/it --> TU/lmr/m/it on input line 79.
LaTeX Font Info:    Overwriting math alphabet `\mathbf' in version `normal'
(Font)                  OT1/cmr/bx/n --> TU/lmr/b/n on input line 79.
LaTeX Font Info:    Overwriting math alphabet `\mathsf' in version `normal'
(Font)                  OT1/cmss/m/n --> TU/lmss/m/n on input line 79.
LaTeX Font Info:    Overwriting math alphabet `\mathtt' in version `normal'
(Font)                  OT1/cmtt/m/n --> TU/lmtt/m/n on input line 79.
LaTeX Font Info:    Overwriting symbol font `operators' in version `bold'
(Font)                  TU/lmr/m/n --> TU/lmr/b/n on input line 79.
LaTeX Font Info:    Overwriting math alphabet `\mathit' in version `bold'
(Font)                  OT1/cmr/bx/it --> TU/lmr/b/it on input line 79.
LaTeX Font Info:    Overwriting math alphabet `\mathsf' in version `bold'
(Font)                  OT1/cmss/bx/n --> TU/lmss/b/n on input line 79.
LaTeX Font Info:    Overwriting math alphabet `\mathtt' in version `bold'
(Font)                  OT1/cmtt/m/n --> TU/lmtt/b/n on input line 79.
\AtBeginShipoutBox=\box112
Package hyperref Info: Link coloring OFF on input line 79.
(/Users/yufree/Library/TinyTeX/texmf-dist/tex/latex/hyperref/nameref.sty
Package: nameref 2019/09/16 v2.46 Cross-referencing by name of section
(/Users/yufree/Library/TinyTeX/texmf-dist/tex/latex/refcount/refcount.sty
Package: refcount 2019/12/15 v3.6 Data extraction from label references (HO)
)
(/Users/yufree/Library/TinyTeX/texmf-dist/tex/generic/gettitlestring/gettitlest
ring.sty
Package: gettitlestring 2019/12/15 v1.6 Cleanup title references (HO)
)
\c@section@level=\count329
)
LaTeX Info: Redefining \ref on input line 79.
LaTeX Info: Redefining \pageref on input line 79.
LaTeX Info: Redefining \nameref on input line 79.
(./lifeguide.out) (./lifeguide.out)
\@outlinefile=\write3
\openout3 = `lifeguide.out'.

ABD: EverySelectfont initializing macros
LaTeX Info: Redefining \selectfont on input line 79.
*geometry* driver: auto-detecting
*geometry* detected driver: xetex
*geometry* verbose mode - [ preamble ] result:
* driver: xetex
* paper: letterpaper
* layout: <same size as paper>
* layoutoffset:(h,v)=(0.0pt,0.0pt)
* modes: twoside asymmetric 
* h-part:(L,W,R)=(72.26999pt, 312.0pt, 230.02501pt)
* v-part:(T,H,B)=(72.26999pt, 616.0pt, 106.7pt)
* \paperwidth=614.295pt
* \paperheight=794.96999pt
* \textwidth=312.0pt
* \textheight=616.0pt
* \oddsidemargin=0.0pt
* \evensidemargin=0.0pt
* \topmargin=-42.0pt
* \headheight=14.0pt
* \headsep=28.0pt
* \topskip=10.0pt
* \footskip=25.29494pt
* \marginparwidth=144.0pt
* \marginparsep=24.0pt
* \columnsep=10.0pt
* \skip\footins=9.0pt plus 4.0pt minus 2.0pt
* \hoffset=0.0pt
* \voffset=0.0pt
* \mag=1000
* \@twocolumnfalse
* \@twosidetrue
* \@mparswitchfalse
* \@reversemarginfalse
* (1in=72.27pt=25.4mm, 1cm=28.453pt)

\langwohyphens=\language3

Package fontspec Info: PingFang SC scale = 0.7183308962275534.


Package fontspec Info: Could not resolve font "PingFang SC/I" (it probably
(fontspec)             doesn't exist).


Package fontspec Info: PingFang SC scale = 0.7183308962275534.


Package fontspec Info: PingFang SC/B scale = 0.7183308962275534.


Package fontspec Info: PingFang SC/BI scale = 0.7183308962275534.


Package fontspec Info: Font family 'PingFangSC(0)' created for font 'PingFang
(fontspec)             SC' with options
(fontspec)             [Ligatures=TeX,Scale=MatchLowercase,Script={CJK}].
(fontspec)              
(fontspec)              This font family consists of the following NFSS
(fontspec)             series/shapes:
(fontspec)              
(fontspec)             - 'normal' (m/n) with NFSS spec.:
(fontspec)             <->s*[0.7183308962275534]"PingFang
(fontspec)             SC/OT:script=hani;language=dflt;mapping=tex-text;"
(fontspec)             - 'small caps'  (m/sc) with NFSS spec.: 
(fontspec)             - 'bold' (b/n) with NFSS spec.:
(fontspec)             <->s*[0.7183308962275534]"PingFang
(fontspec)             SC/B/OT:script=hani;language=dflt;mapping=tex-text;"
(fontspec)             - 'bold small caps'  (b/sc) with NFSS spec.: 
(fontspec)             - 'bold italic' (b/it) with NFSS spec.:
(fontspec)             <->s*[0.7183308962275534]"PingFang
(fontspec)             SC/BI/OT:script=hani;language=dflt;mapping=tex-text;"
(fontspec)             - 'bold italic small caps'  (b/scit) with NFSS spec.: 


Class tufte-book Warning: Proper spacing of ALL-CAPS letters has not been set u
p.
This message occurred on input line 81.

LaTeX Font Info:    Font shape `TU/PingFangSC(0)/m/n' will be
(Font)              scaled to size 12.93008pt on input line 81.

Class tufte-book Warning: Proper spacing of ALL-CAPS letters has not been set u
p.
This message occurred on input line 81.

LaTeX Font Info:    Font shape `TU/PingFangSC(0)/m/n' will be
(Font)              scaled to size 25.86017pt on input line 81.

Class tufte-book Warning: Proper spacing of ALL-CAPS letters has not been set u
p.
This message occurred on input line 81.

[1


] [2


]
LaTeX Font Info:    Font shape `TU/SongtiSCLight(0)/m/it' will be
(Font)              scaled to size 21.33984pt on input line 87.
(./lifeguide.toc
LaTeX Font Info:    Font shape `TU/SongtiSCLight(0)/m/n' will be
(Font)              scaled to size 10.18492pt on input line 1.
LaTeX Font Info:    Font shape `TU/SongtiSCLight(0)/m/it' will be
(Font)              scaled to size 17.45987pt on input line 1.
LaTeX Font Info:    Font shape `TU/SongtiSCLight(0)/m/it' will be
(Font)              scaled to size 14.5499pt on input line 2.
[3]

Class tufte-book Warning: Proper spacing of small-caps letters has not been set
 up.
This message occurred on input line 62.

LaTeX Font Info:    Font shape `TU/SongtiSCLight(0)/m/n' will be
(Font)              scaled to size 9.6637pt on input line 62.
[4]

Class tufte-book Warning: Proper spacing of small-caps letters has not been set
 up.
This message occurred on input line 133.

[5])
\tf@toc=\write4
\openout4 = `lifeguide.toc'.


Class tufte-book Warning: Proper spacing of small-caps letters has not been set
 up.
This message occurred on input line 91.

[6]
章 1.
[7

] [8

]
章 2.

Package fontspec Warning: Font "STFangsong" does not contain requested Script
(fontspec)                "CJK".


Package fontspec Info: STFangsong scale = 0.9707181870057879.


Package fontspec Info: Could not resolve font "STFangsong/BI" (it probably
(fontspec)             doesn't exist).


Package fontspec Info: Could not resolve font "STFangsong/B" (it probably
(fontspec)             doesn't exist).


Package fontspec Info: Could not resolve font "STFangsong/I" (it probably
(fontspec)             doesn't exist).


Package fontspec Info: STFangsong scale = 0.9707181870057879.


Package fontspec Info: Font family 'STFangsong(0)' created for font
(fontspec)             'STFangsong' with options
(fontspec)             [Ligatures=TeX,Scale=MatchLowercase,Script={CJK}].
(fontspec)              
(fontspec)              This font family consists of the following NFSS
(fontspec)             series/shapes:
(fontspec)              
(fontspec)             - 'normal' (m/n) with NFSS spec.:
(fontspec)             <->s*[0.9707181870057879]"STFangsong/OT:language=dflt;ma
pping=tex-text;"
(fontspec)             - 'small caps'  (m/sc) with NFSS spec.: 

LaTeX Font Info:    Font shape `TU/STFangsong(0)/m/n' will be
(Font)              scaled to size 10.23074pt on input line 114.
[9]
LaTeX Font Info:    Font shape `TU/SongtiSCLight(0)/m/it' will be
(Font)              scaled to size 11.63991pt on input line 147.

Class tufte-book Warning: Proper spacing of small-caps letters has not been set
 up.
This message occurred on input line 221.

[10]

Class tufte-book Warning: Proper spacing of small-caps letters has not been set
 up.
This message occurred on input line 303.

[11]

Class tufte-book Warning: Proper spacing of small-caps letters has not been set
 up.
This message occurred on input line 335.

[12]
章 3.

Underfull \vbox (badness 4416) has occurred while \output is active []

[13

]
LaTeX Font Info:    Font shape `TU/SongtiSCLight(0)/b/n' will be
(Font)              scaled to size 10.18492pt on input line 346.

Underfull \vbox (badness 10000) has occurred while \output is active []


Class tufte-book Warning: Proper spacing of small-caps letters has not been set
 up.
This message occurred on input line 353.

[14]

Class tufte-book Warning: Proper spacing of small-caps letters has not been set
 up.
This message occurred on input line 441.

[15]
Underfull \vbox (badness 10000) has occurred while \output is active []


Class tufte-book Warning: Proper spacing of small-caps letters has not been set
 up.
This message occurred on input line 441.

[16]
Underfull \vbox (badness 1546) has occurred while \output is active []


Class tufte-book Warning: Proper spacing of small-caps letters has not been set
 up.
This message occurred on input line 449.

[17]

Class tufte-book Warning: Proper spacing of small-caps letters has not been set
 up.
This message occurred on input line 499.

[18]
Underfull \vbox (badness 1571) has occurred while \output is active []


Class tufte-book Warning: Proper spacing of small-caps letters has not been set
 up.
This message occurred on input line 583.

[19]

Class tufte-book Warning: Proper spacing of small-caps letters has not been set
 up.
This message occurred on input line 661.

[20]

Class tufte-book Warning: Proper spacing of small-caps letters has not been set
 up.
This message occurred on input line 714.

[21]

Class tufte-book Warning: Proper spacing of small-caps letters has not been set
 up.
This message occurred on input line 746.

[22]
Underfull \vbox (badness 1248) has occurred while \output is active []


Class tufte-book Warning: Proper spacing of small-caps letters has not been set
 up.
This message occurred on input line 776.

[23]

Class tufte-book Warning: Proper spacing of small-caps letters has not been set
 up.
This message occurred on input line 781.

[24]
章 4.

Underfull \vbox (badness 4416) has occurred while \output is active []

[25

]
LaTeX Font Info:    Trying to load font information for U+msa on input line 804
.
(/Users/yufree/Library/TinyTeX/texmf-dist/tex/latex/amsfonts/umsa.fd
File: umsa.fd 2013/01/14 v3.01 AMS symbols A
)
LaTeX Font Info:    Trying to load font information for U+msb on input line 804
.
(/Users/yufree/Library/TinyTeX/texmf-dist/tex/latex/amsfonts/umsb.fd
File: umsb.fd 2013/01/14 v3.01 AMS symbols B
)
LaTeX Font Info:    Font shape `TU/SongtiSCLight(0)/m/n' will be
(Font)              scaled to size 6.76459pt on input line 804.

Class tufte-book Warning: Proper spacing of small-caps letters has not been set
 up.
This message occurred on input line 848.

[26]
Underfull \vbox (badness 1546) has occurred while \output is active []


Class tufte-book Warning: Proper spacing of small-caps letters has not been set
 up.
This message occurred on input line 860.

[27]

Class tufte-book Warning: Proper spacing of small-caps letters has not been set
 up.
This message occurred on input line 898.

[28]
章 5.
[29

]
Underfull \vbox (badness 10000) has occurred while \output is active []


Class tufte-book Warning: Proper spacing of small-caps letters has not been set
 up.
This message occurred on input line 930.

[30]

Class tufte-book Warning: Proper spacing of small-caps letters has not been set
 up.
This message occurred on input line 934.

[31] [32

]
章 6.

Underfull \vbox (badness 4416) has occurred while \output is active []

[33]
Missing character: There is no 工 in font [lmroman10-regular]:mapping=tex-text;!
Missing character: There is no 作 in font [lmroman10-regular]:mapping=tex-text;!
Missing character: There is no 起 in font [lmroman10-regular]:mapping=tex-text;!
Missing character: There is no 薪 in font [lmroman10-regular]:mapping=tex-text;!
Missing character: There is no 普 in font [lmroman10-regular]:mapping=tex-text;!
Missing character: There is no 惠 in font [lmroman10-regular]:mapping=tex-text;!
Missing character: There is no 教 in font [lmroman10-regular]:mapping=tex-text;!
Missing character: There is no 育 in font [lmroman10-regular]:mapping=tex-text;!
Missing character: There is no 年 in font [lmroman10-regular]:mapping=tex-text;!
Missing character: There is no 限 in font [lmroman10-regular]:mapping=tex-text;!
Missing character: There is no 高 in font [lmroman10-regular]:mapping=tex-text;!
Missing character: There is no 等 in font [lmroman10-regular]:mapping=tex-text;!
Missing character: There is no 教 in font [lmroman10-regular]:mapping=tex-text;!
Missing character: There is no 育 in font [lmroman10-regular]:mapping=tex-text;!
Missing character: There is no 年 in font [lmroman10-regular]:mapping=tex-text;!
Missing character: There is no 限 in font [lmroman10-regular]:mapping=tex-text;!
Missing character: There is no 研 in font [lmroman10-regular]:mapping=tex-text;!
Missing character: There is no 究 in font [lmroman10-regular]:mapping=tex-text;!
Missing character: There is no 生 in font [lmroman10-regular]:mapping=tex-text;!
Missing character: There is no 教 in font [lmroman10-regular]:mapping=tex-text;!
Missing character: There is no 育 in font [lmroman10-regular]:mapping=tex-text;!
Missing character: There is no 年 in font [lmroman10-regular]:mapping=tex-text;!
Missing character: There is no 限 in font [lmroman10-regular]:mapping=tex-text;!
Missing character: There is no 学 in font [lmroman10-regular]:mapping=tex-text;!
Missing character: There is no 科 in font [lmroman10-regular]:mapping=tex-text;!
Missing character: There is no 系 in font [lmroman10-regular]:mapping=tex-text;!
Missing character: There is no 数 in font [lmroman10-regular]:mapping=tex-text;!

Underfull \vbox (badness 10000) has occurred while \output is active []


Class tufte-book Warning: Proper spacing of small-caps letters has not been set
 up.
This message occurred on input line 954.

[34]

Class tufte-book Warning: Proper spacing of small-caps letters has not been set
 up.
This message occurred on input line 971.

[35]

Class tufte-book Warning: Proper spacing of small-caps letters has not been set
 up.
This message occurred on input line 978.

[36]

Class tufte-book Warning: Proper spacing of small-caps letters has not been set
 up.
This message occurred on input line 987.

[37]
Underfull \vbox (badness 10000) has occurred while \output is active []


Class tufte-book Warning: Proper spacing of small-caps letters has not been set
 up.
This message occurred on input line 995.

[38]

Class tufte-book Warning: Proper spacing of small-caps letters has not been set
 up.
This message occurred on input line 1004.

[39]

Class tufte-book Warning: Proper spacing of small-caps letters has not been set
 up.
This message occurred on input line 1082.

[40]

Class tufte-book Warning: Proper spacing of small-caps letters has not been set
 up.
This message occurred on input line 1109.

[41]

Class tufte-book Warning: Proper spacing of small-caps letters has not been set
 up.
This message occurred on input line 1146.

[42]

Class tufte-book Warning: Proper spacing of small-caps letters has not been set
 up.
This message occurred on input line 1202.

[43]

Class tufte-book Warning: Proper spacing of small-caps letters has not been set
 up.
This message occurred on input line 1249.

[44]

Class tufte-book Warning: Proper spacing of small-caps letters has not been set
 up.
This message occurred on input line 1293.

[45]

Class tufte-book Warning: Proper spacing of small-caps letters has not been set
 up.
This message occurred on input line 1332.

[46]

Class tufte-book Warning: Proper spacing of small-caps letters has not been set
 up.
This message occurred on input line 1385.

[47]

Class tufte-book Warning: Proper spacing of small-caps letters has not been set
 up.
This message occurred on input line 1417.

[48]

Class tufte-book Warning: Proper spacing of small-caps letters has not been set
 up.
This message occurred on input line 1456.

[49]

Class tufte-book Warning: Proper spacing of small-caps letters has not been set
 up.
This message occurred on input line 1470.

[50]

Class tufte-book Warning: Proper spacing of small-caps letters has not been set
 up.
This message occurred on input line 1510.

[51]

Class tufte-book Warning: Proper spacing of small-caps letters has not been set
 up.
This message occurred on input line 1549.

[52]

Class tufte-book Warning: Proper spacing of small-caps letters has not been set
 up.
This message occurred on input line 1563.

[53]

Class tufte-book Warning: Proper spacing of small-caps letters has not been set
 up.
This message occurred on input line 1594.

[54]

Class tufte-book Warning: Proper spacing of small-caps letters has not been set
 up.
This message occurred on input line 1629.

[55]

Class tufte-book Warning: Proper spacing of small-caps letters has not been set
 up.
This message occurred on input line 1661.

[56]

Class tufte-book Warning: Proper spacing of small-caps letters has not been set
 up.
This message occurred on input line 1693.

[57]

Class tufte-book Warning: Proper spacing of small-caps letters has not been set
 up.
This message occurred on input line 1711.

[58]

Class tufte-book Warning: Proper spacing of small-caps letters has not been set
 up.
This message occurred on input line 1726.

[59]

Class tufte-book Warning: Proper spacing of small-caps letters has not been set
 up.
This message occurred on input line 1753.

[60]

Class tufte-book Warning: Proper spacing of small-caps letters has not been set
 up.
This message occurred on input line 1789.

[61]

Class tufte-book Warning: Proper spacing of small-caps letters has not been set
 up.
This message occurred on input line 1824.

[62]

Class tufte-book Warning: Proper spacing of small-caps letters has not been set
 up.
This message occurred on input line 1848.

[63]

Class tufte-book Warning: Proper spacing of small-caps letters has not been set
 up.
This message occurred on input line 1866.

[64]

Class tufte-book Warning: Proper spacing of small-caps letters has not been set
 up.
This message occurred on input line 1898.

[65]

Class tufte-book Warning: Proper spacing of small-caps letters has not been set
 up.
This message occurred on input line 1938.

[66]

Class tufte-book Warning: Proper spacing of small-caps letters has not been set
 up.
This message occurred on input line 1947.

[67]

Class tufte-book Warning: Proper spacing of small-caps letters has not been set
 up.
This message occurred on input line 1998.

[68]

Class tufte-book Warning: Proper spacing of small-caps letters has not been set
 up.
This message occurred on input line 2033.

[69]

Class tufte-book Warning: Proper spacing of small-caps letters has not been set
 up.
This message occurred on input line 2059.

[70]

Class tufte-book Warning: Proper spacing of small-caps letters has not been set
 up.
This message occurred on input line 2083.

[71]

Class tufte-book Warning: Proper spacing of small-caps letters has not been set
 up.
This message occurred on input line 2101.

[72]

Class tufte-book Warning: Proper spacing of small-caps letters has not been set
 up.
This message occurred on input line 2125.

[73]

Class tufte-book Warning: Proper spacing of small-caps letters has not been set
 up.
This message occurred on input line 2141.

[74]

Class tufte-book Warning: Proper spacing of small-caps letters has not been set
 up.
This message occurred on input line 2163.

[75]

Class tufte-book Warning: Proper spacing of small-caps letters has not been set
 up.
This message occurred on input line 2190.

[76]

Class tufte-book Warning: Proper spacing of small-caps letters has not been set
 up.
This message occurred on input line 2208.

[77] [78

]
章 7.

Underfull \vbox (badness 4416) has occurred while \output is active []

[79]
Underfull \vbox (badness 10000) has occurred while \output is active []


Class tufte-book Warning: Proper spacing of small-caps letters has not been set
 up.
This message occurred on input line 2224.

[80]
Underfull \vbox (badness 10000) has occurred while \output is active []


Class tufte-book Warning: Proper spacing of small-caps letters has not been set
 up.
This message occurred on input line 2230.

[81]

Class tufte-book Warning: Proper spacing of small-caps letters has not been set
 up.
This message occurred on input line 2263.

[82]
Underfull \vbox (badness 10000) has occurred while \output is active []


Class tufte-book Warning: Proper spacing of small-caps letters has not been set
 up.
This message occurred on input line 2271.

[83]
Underfull \vbox (badness 10000) has occurred while \output is active []


Class tufte-book Warning: Proper spacing of small-caps letters has not been set
 up.
This message occurred on input line 2277.

[84]
Underfull \vbox (badness 10000) has occurred while \output is active []


Class tufte-book Warning: Proper spacing of small-caps letters has not been set
 up.
This message occurred on input line 2286.

[85]
Underfull \vbox (badness 10000) has occurred while \output is active []


Class tufte-book Warning: Proper spacing of small-caps letters has not been set
 up.
This message occurred on input line 2326.

[86]
LaTeX Font Info:    Font shape `TU/SongtiSCLight(0)/m/n' will be
(Font)              scaled to size 8.72992pt on input line 2333.

Class tufte-book Warning: Proper spacing of small-caps letters has not been set
 up.
This message occurred on input line 2356.

[87]

Class tufte-book Warning: Proper spacing of small-caps letters has not been set
 up.
This message occurred on input line 2378.

[88]

Class tufte-book Warning: Proper spacing of small-caps letters has not been set
 up.
This message occurred on input line 2391.

[89]
Underfull \vbox (badness 1546) has occurred while \output is active []


Class tufte-book Warning: Proper spacing of small-caps letters has not been set
 up.
This message occurred on input line 2404.

[90]
Underfull \vbox (badness 10000) has occurred while \output is active []


Class tufte-book Warning: Proper spacing of small-caps letters has not been set
 up.
This message occurred on input line 2408.

[91]

Class tufte-book Warning: Proper spacing of small-caps letters has not been set
 up.
This message occurred on input line 2474.

[92]

Class tufte-book Warning: Proper spacing of small-caps letters has not been set
 up.
This message occurred on input line 2557.

[93]

Class tufte-book Warning: Proper spacing of small-caps letters has not been set
 up.
This message occurred on input line 2644.

[94]
Overfull \hbox (4.61531pt too wide) in paragraph at lines 2680--2682
[]\TU/SongtiSCLight(0)/m/n/10.53937 图 片 用 像 素 存 储 像 素 用 \TU/lmr/m/n/10.53937 RG
B \TU/SongtiSCLight(0)/m/n/10.53937 存 储 \TU/lmr/m/n/10.53937 RGB \TU/SongtiSCLi
ght(0)/m/n/10.53937 用 \TU/lmr/m/n/10.53937 01 \TU/SongtiSCLight(0)/m/n/10.53937
 存 储 \TU/lmr/m/n/10.53937 8 \TU/SongtiSCLight(0)/m/n/10.53937 位 \TU/lmr/m/n/10.
53937 00000000- 
 []


Class tufte-book Warning: Proper spacing of small-caps letters has not been set
 up.
This message occurred on input line 2733.

[95]

Class tufte-book Warning: Proper spacing of small-caps letters has not been set
 up.
This message occurred on input line 2819.

[96]

Class tufte-book Warning: Proper spacing of small-caps letters has not been set
 up.
This message occurred on input line 2909.

[97]

Class tufte-book Warning: Proper spacing of small-caps letters has not been set
 up.
This message occurred on input line 3005.

[98]

Class tufte-book Warning: Proper spacing of small-caps letters has not been set
 up.
This message occurred on input line 3088.

[99]

Class tufte-book Warning: Proper spacing of small-caps letters has not been set
 up.
This message occurred on input line 3180.

[100]

Class tufte-book Warning: Proper spacing of small-caps letters has not been set
 up.
This message occurred on input line 3266.

[101]

Class tufte-book Warning: Proper spacing of small-caps letters has not been set
 up.
This message occurred on input line 3368.

[102]

Class tufte-book Warning: Proper spacing of small-caps letters has not been set
 up.
This message occurred on input line 3463.

[103]

Class tufte-book Warning: Proper spacing of small-caps letters has not been set
 up.
This message occurred on input line 3550.

[104]

Class tufte-book Warning: Proper spacing of small-caps letters has not been set
 up.
This message occurred on input line 3653.

[105]

Class tufte-book Warning: Proper spacing of small-caps letters has not been set
 up.
This message occurred on input line 3739.

[106]

Class tufte-book Warning: Proper spacing of small-caps letters has not been set
 up.
This message occurred on input line 3810.

[107]

Class tufte-book Warning: Proper spacing of small-caps letters has not been set
 up.
This message occurred on input line 3891.

[108]

Class tufte-book Warning: Proper spacing of small-caps letters has not been set
 up.
This message occurred on input line 3987.

[109]

Class tufte-book Warning: Proper spacing of small-caps letters has not been set
 up.
This message occurred on input line 4072.

[110]

Class tufte-book Warning: Proper spacing of small-caps letters has not been set
 up.
This message occurred on input line 4143.

[111]

Class tufte-book Warning: Proper spacing of small-caps letters has not been set
 up.
This message occurred on input line 4210.

[112]

Class tufte-book Warning: Proper spacing of small-caps letters has not been set
 up.
This message occurred on input line 4264.

[113]

Class tufte-book Warning: Proper spacing of small-caps letters has not been set
 up.
This message occurred on input line 4325.

[114]

Class tufte-book Warning: Proper spacing of small-caps letters has not been set
 up.
This message occurred on input line 4332.

[115] [116

]
章 8.
[117]

Class tufte-book Warning: Proper spacing of small-caps letters has not been set
 up.
This message occurred on input line 4389.

[118]

Class tufte-book Warning: Proper spacing of small-caps letters has not been set
 up.
This message occurred on input line 4417.

[119]

Class tufte-book Warning: Proper spacing of small-caps letters has not been set
 up.
This message occurred on input line 4457.

[120]

Class tufte-book Warning: Proper spacing of small-caps letters has not been set
 up.
This message occurred on input line 4483.

[121]

Class tufte-book Warning: Proper spacing of small-caps letters has not been set
 up.
This message occurred on input line 4517.

[122]

Class tufte-book Warning: Proper spacing of small-caps letters has not been set
 up.
This message occurred on input line 4537.

[123]

Class tufte-book Warning: Proper spacing of small-caps letters has not been set
 up.
This message occurred on input line 4571.

[124]

Class tufte-book Warning: Proper spacing of small-caps letters has not been set
 up.
This message occurred on input line 4598.

[125]

Class tufte-book Warning: Proper spacing of small-caps letters has not been set
 up.
This message occurred on input line 4625.

[126]

Class tufte-book Warning: Proper spacing of small-caps letters has not been set
 up.
This message occurred on input line 4662.

[127]

Class tufte-book Warning: Proper spacing of small-caps letters has not been set
 up.
This message occurred on input line 4693.

[128]

Class tufte-book Warning: Proper spacing of small-caps letters has not been set
 up.
This message occurred on input line 4721.

[129]

Class tufte-book Warning: Proper spacing of small-caps letters has not been set
 up.
This message occurred on input line 4745.

[130]

Class tufte-book Warning: Proper spacing of small-caps letters has not been set
 up.
This message occurred on input line 4775.

[131]

Class tufte-book Warning: Proper spacing of small-caps letters has not been set
 up.
This message occurred on input line 4793.

[132]

Class tufte-book Warning: Proper spacing of small-caps letters has not been set
 up.
This message occurred on input line 4848.

[133]
Overfull \hbox (16.38463pt too wide) in paragraph at lines 4858--4860
[][]$[][][][][] [] [] [] [][][] [] [][][][][][][] [] [][][] [] [][][][] [] [][]
 [] [][] [] [][][][][][][][] [] [][][][][][][][][][] [] 
 []


Overfull \hbox (544.50285pt too wide) in paragraph at lines 4860--4861
[][]$[][][][][] [] [] [] [][][] [] [][][][][][] [] [][][] [] [][][][] [] [][][]
[][][][][][][][][][][][][][][][][][][][][][][][][][][][][][][][][][][][][][][][
][][][][][][][][][][][][][][][][][][][][][][][][][][][][][][][][][][][][][][][]
[][][][][][][][][][][][][][][][][][][][][][][][][][][][][][][][][][][][][][][][
][][][][][][][][][][][][][][][]$[]  
 []


Class tufte-book Warning: Proper spacing of small-caps letters has not been set
 up.
This message occurred on input line 4927.

[134]

Class tufte-book Warning: Proper spacing of small-caps letters has not been set
 up.
This message occurred on input line 5013.

[135]

Class tufte-book Warning: Proper spacing of small-caps letters has not been set
 up.
This message occurred on input line 5097.

[136]

Class tufte-book Warning: Proper spacing of small-caps letters has not been set
 up.
This message occurred on input line 5144.

[137]

Class tufte-book Warning: Proper spacing of small-caps letters has not been set
 up.
This message occurred on input line 5188.

[138]

Class tufte-book Warning: Proper spacing of small-caps letters has not been set
 up.
This message occurred on input line 5228.

[139]

Class tufte-book Warning: Proper spacing of small-caps letters has not been set
 up.
This message occurred on input line 5263.

[140]

Class tufte-book Warning: Proper spacing of small-caps letters has not been set
 up.
This message occurred on input line 5295.

[141]

Class tufte-book Warning: Proper spacing of small-caps letters has not been set
 up.
This message occurred on input line 5338.

[142]

Class tufte-book Warning: Proper spacing of small-caps letters has not been set
 up.
This message occurred on input line 5378.

[143]

Class tufte-book Warning: Proper spacing of small-caps letters has not been set
 up.
This message occurred on input line 5398.

[144]

Class tufte-book Warning: Proper spacing of small-caps letters has not been set
 up.
This message occurred on input line 5433.

[145]

Class tufte-book Warning: Proper spacing of small-caps letters has not been set
 up.
This message occurred on input line 5472.

[146]

Class tufte-book Warning: Proper spacing of small-caps letters has not been set
 up.
This message occurred on input line 5519.

[147]

Class tufte-book Warning: Proper spacing of small-caps letters has not been set
 up.
This message occurred on input line 5564.

[148]

Class tufte-book Warning: Proper spacing of small-caps letters has not been set
 up.
This message occurred on input line 5590.

[149]

Class tufte-book Warning: Proper spacing of small-caps letters has not been set
 up.
This message occurred on input line 5610.

[150]
Missing character: There is no ⁃ in font [lmmono10-regular]:!
Missing character: There is no ⁃ in font [lmmono10-regular]:!
Missing character: There is no ⁃ in font [lmmono10-regular]:!
Missing character: There is no ⁃ in font [lmmono10-regular]:!
Missing character: There is no ⁃ in font [lmmono10-regular]:!
Missing character: There is no ⁃ in font [lmmono10-regular]:!
Missing character: There is no ⁃ in font [lmmono10-regular]:!
Missing character: There is no ⁃ in font [lmmono10-regular]:!

Class tufte-book Warning: Proper spacing of small-caps letters has not been set
 up.
This message occurred on input line 5658.

[151]
Missing character: There is no ⁃ in font [lmmono10-regular]:!
Missing character: There is no ⁃ in font [lmmono10-regular]:!
Missing character: There is no ⁃ in font [lmmono10-regular]:!
Missing character: There is no ⁃ in font [lmmono10-regular]:!
Missing character: There is no ⁃ in font [lmmono10-regular]:!
Missing character: There is no ⁃ in font [lmmono10-regular]:!
Missing character: There is no ⁃ in font [lmmono10-regular]:!
Missing character: There is no ⁃ in font [lmmono10-regular]:!
Missing character: There is no ⁃ in font [lmmono10-regular]:!
Missing character: There is no ⁃ in font [lmmono10-regular]:!
Missing character: There is no ⁃ in font [lmmono10-regular]:!
Missing character: There is no ⁃ in font [lmmono10-regular]:!
Missing character: There is no ⁃ in font [lmmono10-regular]:!

Class tufte-book Warning: Proper spacing of small-caps letters has not been set
 up.
This message occurred on input line 5692.

[152]

Class tufte-book Warning: Proper spacing of small-caps letters has not been set
 up.
This message occurred on input line 5736.

[153]

Class tufte-book Warning: Proper spacing of small-caps letters has not been set
 up.
This message occurred on input line 5790.

[154]

Class tufte-book Warning: Proper spacing of small-caps letters has not been set
 up.
This message occurred on input line 5832.

[155]

Package bibentry Warning: You have used \nobibliography* 
(bibentry)                without a following \bibliography.
(bibentry)                You may not be able to run BibTeX.

Package atveryend Info: Empty hook `BeforeClearDocument' on input line 5847.

Class tufte-book Warning: Proper spacing of small-caps letters has not been set
 up.
This message occurred on input line 5847.

[156]
Package atveryend Info: Empty hook `AfterLastShipout' on input line 5847.
(./lifeguide.aux)
Package atveryend Info: Empty hook `AtVeryEndDocument' on input line 5847.
Package atveryend Info: Executing hook `AtEndAfterFileList' on input line 5847.

Package rerunfilecheck Info: File `lifeguide.out' has not changed.
(rerunfilecheck)             Checksum: 964B851F00F13E9C3BE7FEDC82A50C1E;5835.
Package atveryend Info: Empty hook `AtVeryVeryEnd' on input line 5847.
 ) 
Here is how much of TeX's memory you used:
 18920 strings out of 481274
 390901 string characters out of 5921294
 702899 words of memory out of 5000000
 36032 multiletter control sequences out of 15000+600000
 536043 words of font info for 88 fonts, out of 8000000 for 9000
 14 hyphenation exceptions out of 8191
 67i,12n,128p,732b,1027s stack positions out of 5000i,500n,10000p,200000b,80000s

Output written on lifeguide.pdf (156 pages).
